This is pdfTeX, Version 3.141592653-2.6-1.40.23 (TeX Live 2021) (preloaded format=latex 2021.11.17)  25 NOV 2021 09:33
entering extended mode
 restricted \write18 enabled.
 %&-line parsing enabled.
**apa7.ins
(./apa7.ins
LaTeX2e <2021-11-15>
L3 programming layer <2021-11-12> (/home/cillian/.TinyTeX/texmf-dist/tex/latex/base/docstrip.tex
\blockLevel=\count183
\emptyLines=\count184
\processedLines=\count185
\commentsRemoved=\count186
\commentsPassed=\count187
\codeLinesPassed=\count188
\TotalprocessedLines=\count189
\TotalcommentsRemoved=\count190
\TotalcommentsPassed=\count191
\TotalcodeLinesPassed=\count192
\NumberOfFiles=\count193
\inFile=\read2
\inputcheck=\read3
\off@0=\count194
\off@1=\count195
\off@2=\count196
\off@3=\count197
\off@4=\count198
\off@5=\count199
\off@6=\count266
\off@7=\count267
\off@8=\count268
\off@9=\count269
\off@10=\count270
\off@11=\count271
\off@12=\count272
\off@13=\count273
\off@14=\count274
\off@15=\count275
\@maxfiles=\count276
\@maxoutfiles=\count277

Utility: `docstrip' v2.6a <2020-11-23>
English documentation    <2020-11-23>

**********************************************************
* This program converts documented macro-files into fast *
* loadable files by stripping off (nearly) all comments! *
**********************************************************

********************************************************
* No Configuration file found, using default settings. *
********************************************************

)

Generating file(s) ./apa7.cls 
\openout0 = `./apa7.cls'.


Processing file apa7.dtx (class) -> apa7.cls
Lines  processed: 3876
Comments removed: 1324
Comments  passed: 46
Codelines passed: 2458


Generating file(s) ././config/APA7american.txt ././config/APA7british.txt ././config/APA7dutch.txt ././config/APA7english.txt ././config/APA7french.txt ././config/APA7german.txt ././config/APA7ngerman.txt ././config/APA7greek.txt ././config/APA7czech.txt ././config/APA7turkish.txt ././config/APA7spanish.txt ././config/APA7endfloat.cfg 
\openout0 = `././config/APA7american.txt'.

\openout1 = `././config/APA7british.txt'.

\openout2 = `././config/APA7dutch.txt'.

\openout3 = `././config/APA7english.txt'.

\openout4 = `././config/APA7french.txt'.

\openout5 = `././config/APA7german.txt'.

\openout6 = `././config/APA7ngerman.txt'.

\openout7 = `././config/APA7greek.txt'.

\openout8 = `././config/APA7czech.txt'.

\openout9 = `././config/APA7turkish.txt'.

\openout10 = `././config/APA7spanish.txt'.

\openout11 = `././config/APA7endfloat.cfg'.


Processing file apa7.dtx (american) -> ./config/APA7american.txt
                         (british) -> ./config/APA7british.txt
                         (dutch) -> ./config/APA7dutch.txt
                         (english) -> ./config/APA7english.txt
                         (french) -> ./config/APA7french.txt
                         (german) -> ./config/APA7german.txt
                         (ngerman) -> ./config/APA7ngerman.txt
                         (greek) -> ./config/APA7greek.txt
                         (czech) -> ./config/APA7czech.txt
                         (turkish) -> ./config/APA7turkish.txt
                         (spanish) -> ./config/APA7spanish.txt
                         (APAendfloat) -> ./config/APA7endfloat.cfg
Lines  processed: 3876
Comments removed: 1324
Comments  passed: 46
Codelines passed: 2458


Generating file(s) ././samples/bibliography.bib ././samples/shortsample.tex ././samples/longsample.tex 
\openout0 = `././samples/bibliography.bib'.

\openout1 = `././samples/shortsample.tex'.

\openout2 = `././samples/longsample.tex'.


Processing file apa7.dtx (bibliography) -> ./samples/bibliography.bib
                         (shortsample) -> ./samples/shortsample.tex
                         (longsample) -> ./samples/longsample.tex
Lines  processed: 3876
Comments removed: 1324
Comments  passed: 46
Codelines passed: 2458

Overall statistics:
Files  processed: 3
Lines  processed: 11628
Comments removed: 3972
Comments  passed: 138
Codelines passed: 7374
 ) 
Here is how much of TeX's memory you used:
 471 strings out of 480332
 6334 string characters out of 5897583
 304840 words of memory out of 5000000
 18405 multiletter control sequences out of 15000+600000
 403430 words of font info for 27 fonts, out of 8000000 for 9000
 14 hyphenation exceptions out of 8191
 13i,0n,15p,203b,230s stack positions out of 5000i,500n,10000p,200000b,80000s

No pages of output.
